1 0
2 0.92922
3 0.4192
4 0.47748
5 0.4685
6 0.4561
7 0.72966
8 0.85169
9 0.04315
10 0.78038
11 0.36998
12 0.59991
13 0.3595
14 0.34101
15 0.58168
16 0.74323
17 0.40208
18 0.81014
19 0.41478
20 0.26149
21 0.67498
22 0.73612
23 0.51452
24 0.17805
25 0.63849
26 0.54715
27 0.82394
28 0.49036
29 0.71652
30 0.34558
31 0.85227
32 0.31982
33 0.55683
34 0.78515
35 1.05598
36 0.90153
37 1.08904
38 0.86473
39 0.52797
40 0.3991
41 0.62007
42 0.74899
43 0.12874
44 0.6404
45 0.51582
46 0.90131
47 0.29527
48 0.5821
49 0.73136
50 0.35438
51 0.91752
52 0.4869
53 0.97586
54 0.60872
55 0.69424
56 0.9978
57 0.6167
58 0.7925
59 1.02027
60 0.45285
61 0.99368
62 0.81586
63 0.82727
64 0.54661
65 0.83123
66 0.1741
67 0.20922
68 0.96729
69 0.87179
70 0.21397
71 0.35005
72 0.97876
73 0.75072
74 0.29576
75 0.34816
76 0.91965
77 0.50066
78 0.70689
79 0.45484
80 0.79977
81 0.5964
82 0.43382
83 0.85626
84 0.81822
85 0.18194
86 0.22962
87 0.6541
88 0.49962
89 0.35134
90 0.61443
91 0.33597
92 0.57807
93 1.05695
94 0.36318
95 0.31852
96 0.7133
97 0.92542
98 0.38473
99 0.63838
100 0.48702
101 0.50408
102 0.9707
103 0.39936
104 0.16062
105 0.93886
106 0.19685
107 0.95084
108 0.87217
109 0.42979
110 0.7629
111 0.66932
112 0.5012
113 0.86123
114 1.09289
115 0.55821
116 0.2193
117 0.62648
118 0.45558
119 0.65674
120 0.038
121 1.02651
122 0.15305
123 0.81057
124 0.28483
125 0.37238
126 1.04982
127 0.49318
128 0.26864
129 0.47178
130 1.00084
131 0.4417
132 0.75629
133 0.84082
134 0.77195
135 0.64578
136 0.09374
137 0.95588
138 0.74824
139 0.37296
140 0.73647
141 0.39978
142 0.57213
143 0.21108
144 0.88373
145 0.28959
146 0.52528
147 0.55984
148 0.70763
149 0.47903
150 0.92317
151 0.49042
152 0.35336
153 0.38995
154 0.23571
155 0.90316
156 0.33681
157 0.57975
158 0.33755
159 0.78152
160 0.67738
161 1.02918
162 0.19658
163 0.30863
164 0.8774
165 0.3383
166 0.50324
167 0.84078
168 0.9188
169 0.4868
170 0.96074
171 0.41628
172 0.14828
173 0.11412
174 1.00822
175 0.26546
176 0.46733
177 0.34238
178 0.20389
179 0.49715
180 0.92124
181 0.67885
182 0.6821
183 0.3555
184 0.87692
185 0.65715
186 0.8501
187 0.67099
188 0.7836
189 0.13348
190 1.08342
191 0.89984
192 0.63915
193 0.5873
194 0.47031
195 0.47068
196 0.50372
197 0.70131
198 0.38248
199 1.03506
200 0.50734
201 0.70119
202 0.37517
203 0.42284
204 0.94528
205 0.213
206 0.80094
207 0.81517
208 0.56878
209 0.82941
210 0.08862
211 0.44246
212 0.30235
213 0.37074
214 0.18498
215 0.71511
216 0.78355
217 0.38846
218 0.07753
219 0.98942
220 0.82409
221 0.93848
222 0.59661
223 0.90943
224 0.88224
225 0.6437
226 0.59546
227 0.31948
228 0.7821
229 0.40673
230 0.48249
231 0.51415
232 0.85864
233 0.48404
234 0.95363
235 0.9558
236 0.30012
237 0.27215
238 0.55562
239 0.35536
240 0.17924
241 0.68961
242 0.42078
243 0.37796
244 0.42578
245 0.96614
246 0.8875
247 0.20308
248 0.71614
249 0.59044
250 0.32362
251 0.76574
252 0.63966
253 0.67095
254 0.92759
255 0.91542
256 0.62502
257 0.51068
258 0.54095
259 0.34935
260 0.82294
261 0.45678
262 0.251
263 0.41792
264 0.37298
265 0.36869
266 0.98341
267 0.96331
268 0.46467
269 0.3949
270 0.86369
271 0.30509
272 0.38495
273 0.57525
274 0.80015
275 0.05485
276 0.8824
277 0.95377
278 0.14148
279 0.67639
280 0.26479
281 0.98901
282 0.60536
283 0.87926
284 0.92054
285 0.05164
286 0.53331
287 0.79519
288 0.4224
289 0.50705
290 0.17546
291 1.13524
292 0.62838
293 0.59733
294 0.7022
295 0.43264
296 0.43615
297 1.01175
298 0.35275
299 0.68544
300 0.25206
301 0.64373
302 0.50895
303 0.50661
304 0.49905
305 0.47565
306 1.05735
307 0.68112
308 0.78543
309 0.95915
310 0.18669
311 0.70801
312 0.67146
313 0.95239
314 0.27964
315 0.95744
316 0.44
317 0.7009
318 0.28439
319 0.52283
320 1.02454
321 1.00095
322 0.98584
323 0.24262
324 0.44411
325 0.9439
326 0.62843
327 0.31554
328 0.55592
329 0.96292
330 0.48579
331 0.50067
332 0.15962
333 0.55253
334 0.35484
335 0.73079
336 0.09772
337 1.01563
338 0.06644
339 0.7632
340 0.22021
341 0.47442
342 0.28201
343 0.27957
344 0.93033
345 0.78089
346 0.95616
347 0.89158
348 0.9947
349 0.42513
350 0.88772
351 0.87728
352 0.57069
353 0.81356
354 0.47081
355 0.57128
356 0.34434
357 0.45484
358 0.71616
359 0.06245
360 0.51425
361 0.8646
362 0.87437
363 0.6157
364 0.67787
365 0.74129
366 0.85404
367 0.98427
368 0.21434
369 0.83172
370 1.00981
371 0.82697
372 0.61569
373 0.96015
374 0.79914
375 1.00421
376 0.67931
377 0.67792
378 0.58999
379 0.95949
380 1.04646
381 0.70046
382 0.46483
383 0.33778
384 0.6879
385 0.81392
386 0.70722
387 0.59683
388 0.08386
389 0.48106
390 0.83388
391 0.81143
392 0.97187
393 0.61962
394 0.78059
395 0.5003
396 0.21767
397 0.39449
398 0.18878
399 0.92162
400 0.48186
401 0.94707
402 0.167
403 0.6232
404 0.35888
405 0.37319
406 0.51649
407 0.81352
408 0.89303
409 0.58647
410 0.25282
411 0.86784
412 0.30723
413 0.48372
414 0.8888
415 0.34703
416 0.31204
417 0.89562
418 0.67089
419 0.69881
420 0.87529
421 0.03426
422 1.04184
423 0.59167
424 0.62629
425 0.25879
426 0.86292
427 0.81913
428 0.47558
429 0.60148
430 0.51973
431 0.73339
432 0.04748
433 0.33408
434 0.7481
435 0.43854
436 0.88173
437 0.27447
438 0.95813
439 0.39526
440 0.31108
441 0.70653
442 1.01929
443 0.82211
444 0.48254
445 0.52019
446 0.16986
447 0.84495
448 0.5856
449 0.21885
450 0.84947
451 0.96399
452 0.76149
453 0.35698
454 0.44743
455 0.56991
456 0.94214
457 0.60948
458 0.88534
459 0.70004
460 0.48235
461 0.35503
462 0.71729
463 0.80018
464 0.82285
465 0.47754
466 0.32614
467 1.16027
468 0.47305
469 0.19346
470 0.98311
471 0.84821
472 0.38758
473 0.18396
474 0.46209
475 0.63576
476 0.42043
477 0.31298
478 0.44816
479 0.44128
480 0.38618
481 0.37584
482 0.65122
483 0.62865
484 0.71045
485 0.39371
486 0.88574
487 0.09791
488 0.85148
489 0.81711
490 0.72487
491 0.59963
492 0.62664
493 1.09576
494 0.24994
495 0.72993
496 0.70751
497 0.66504
498 0.33904
499 0.28891
500 0.2322
501 0.52942
502 0.97974
503 0.85429
504 0.47909
505 0.71002
506 0.85082
507 0.61401
508 0.69336
509 0.61297
510 0.33135
511 0.88348
512 0.91209
513 0.50167
514 0.8616
515 0.73195
516 0.3356
517 0.531
518 0.42694
519 0.53867
520 0.20769
521 0.32754
522 0.69143
523 0.86014
524 0.56945
525 0.73008
526 0.27854
527 0.91496
528 0.40876
529 0.53745
530 0.94189
531 0.5923
532 0.32089
533 0.17976
534 0.62183
535 0.311
536 0.49182
537 0.44282
538 0.37976
539 0.52958
540 0.41715
541 0.41048
542 0.96303
543 0.20971
544 0.29701
545 0.18949
546 0.69913
547 0.62176
548 0.59934
549 0.89127
550 0.61908
551 0.83118
552 0.33314
553 0.57036
554 0.22996
555 0.56053
556 0.84835
557 0.59727
558 0.8875
559 0.01791
560 0.63593
561 0.75648
562 0.41759
563 0.52033
564 0.76709
565 0.49207
566 0.73279
567 0.3544
568 0.34358
569 0.69739
570 0.44122
571 0.56881
572 0.93901
573 0.40867
574 0.80084
575 0.72255
576 0.87364
577 0.03302
578 0.8739
579 0.77737
580 0.57241
581 0.14719
582 0.58333
583 0.68029
584 0.41896
585 0.48845
586 0.56623
587 0.34986
588 0.84275
589 0.70054
590 0.85085
591 0.49966
592 0.71286
593 0.93967
594 0.80281
595 0.25395
596 0.42545
597 0.58849
598 0.50099
599 0.57655
600 0.61806
601 0.29693
602 0.89656
603 0.41842
604 0.34585
605 1.12614
606 0.23801
607 0.34277
608 0.97084
609 0.56716
610 0.76632
611 0.86077
612 0.16459
613 0.59369
614 0.8492
615 0.3945
616 0.9903
617 0.76744
618 0.1181
619 0.22776
620 0.19912
621 0.96247
622 0.88239
623 0.69824
624 0.59346
625 0.1882
626 0.18983
627 0.81638
628 0.7268
629 0.44124
630 0.2632
631 0.81653
632 0.27166
633 0.11812
634 1.02976
635 0.31316
636 0.54626
637 0.27941
638 0.79373
639 0.61933
640 0.60796
641 0.84721
642 0.40518
643 0.68092
644 0.893
645 0.73004
646 0.56591
647 0.53701
648 0.68676
649 0.74924
650 0.17942
651 0.60476
652 1.0487
653 0.54582
654 0.43375
655 0.58199
656 0.90041
657 0.3743
658 0.1729
659 0.53373
660 0.91452
661 0.17991
662 0.46112
663 0.32281
664 0.92051
665 0.7768
666 1.00999
667 0.52772
668 0.87253
669 0.51948
670 0.12921
671 0.42842
672 0.68535
673 0.91609
674 0.80378
675 0.32831
676 0.74642
677 0.61785
678 0.81281
679 0.23175
680 1.03072
681 0.26203
682 0.43803
683 0.66272
684 0.79635
685 0.3747
686 0.70744
687 1.08392
688 0.96722
689 0.82181
690 0.93303
691 0.71422
692 0.67529
693 0.91248
694 0.63458
695 0.63327
696 0.30689
697 0.88672
698 1.03504
699 0.61023
700 0.71034
701 0.65759
702 0.32624
703 0.36404
704 0.81026
705 0.63822
706 0.66348
707 0.33007
708 0.46363
709 0.28998
710 1.02475
711 0.08952
712 0.98869
713 0.37559
714 0.64919
715 0.57909
716 0.86867
717 0.19057
718 0.63864
719 0.19224
720 0.60504
721 0.55234
722 0.919
723 0.56128
724 0.66532
725 0.28606
726 0.69064
727 0.89736
728 0.40817
729 0.46628
730 0.4166
731 0.62791
732 0.8938
733 0.68966
734 0.96543
735 0.61737
736 0.44676
737 0.30504
738 0.67799
739 0.88039
740 0.63245
741 0.33074
742 0.92243
743 0.95584
744 0.69185
745 0.31487
746 0.82083
747 1.07135
748 0.87728
749 0.55315
750 0.30888
751 0.67052
752 0.88861
753 0.24409
754 0.20363
755 0.74661
756 0.65958
757 0.56024
758 0.30798
759 0.63473
760 0.75071
761 0.30167
762 0.3709
763 0.44301
764 1.056
765 0.52215
766 0.80546
767 0.30462
768 0.17473
769 0.69952
770 0.91378
771 0.67936
772 0.24791
773 1.12804
774 0.46198
775 0.79006
776 0.36358
777 0.89162
778 0.35773
779 0.44565
780 0.65485
781 0.73795
782 0.68271
783 0.64382
784 0.53816
785 0.86303
786 0.0514
787 0.32095
788 0.94347
789 0.76027
790 0.34428
791 0.41324
792 0.58589
793 0.71405
794 1.06098
795 0.61686
796 0.34144
797 0.25145
798 0.58692
799 0.86087
800 0.45806
801 1.01682
802 0.25993
803 0.63452
804 0.75379
805 0.65676
806 0.56815
807 0.08065
808 0.53704
809 0.93784
810 0.49037
811 0.94481
812 0.20431
813 0.4244
814 0.91781
815 0.52605
816 0.78207
817 0.68598
818 0.09774
819 0.85776
820 0.65906
821 0.05468
822 0.52916
823 0.48348
824 0.97031
825 0.92965
826 0.45932
827 0.86811
828 0.99424
829 0.15255
830 0.86481
831 0.53475
832 0.4441
833 1.02276
834 0.27809
835 0.27207
836 0.99062
837 0.3252
838 0.86532
839 1.0074
840 0.34673
841 0.74454
842 0.8822
843 1.00082
844 0.9114
845 1.105
846 0.46782
847 0.71276
848 0.8137
849 0.68423
850 0.5594
851 0.87812
852 0.48146
853 0.9062
854 0.23383
855 0.99989
856 0.70862
857 0.41682
858 0.76212
859 0.26903
860 0.82285
861 0.22894
862 0.42161
863 0.97865
864 0.94798
865 0.48576
866 0.4069
867 1.07891
868 0.56655
869 0.92958
870 0.41311
871 0.92686
872 0.86175
873 0.69039
874 1.02066
875 0.53968
876 0.40558
877 0.92434
878 0.26145
879 0.15148
880 0.45009
881 0.95229
882 0.72
883 0.2949
884 0.77126
885 0.75462
886 0.62494
887 0.55497
888 0.3023
889 0.30457
890 0.92591
891 0.24156
892 0.76075
893 0.31348
894 0.73093
895 0.53708
896 0.27307
897 0.64602
898 0.31731
899 0.29719
900 0.39744
901 0.9817
902 0.91778
903 0.79995
904 1.02552
905 0.6352
906 0.49266
907 0.90609
908 0.20668
909 0.72407
910 0.42344
911 0.47057
912 0.76636
913 0.06421
914 0.31234
915 0.70934
916 0.47561
917 0.37463
918 0.24609
919 0.65841
920 0.92489
921 0.19349
922 0.47194
923 0.12624
924 0.69455
925 1.07054
926 0.77149
927 0.68858
928 0.62571
929 0.76132
930 0.9375
931 0.92303
932 0.04934
933 0.23659
934 0.34862
935 0.22574
936 0.15815
937 0.60979
938 0.55672
939 0.85375
940 0.42236
941 0.92664
942 0.46857
943 0.60941
944 0.14782
945 0.3494
946 0.12196
947 0.65878
948 0.33726
949 0.64547
950 0.88019
951 0.39082
952 0.62549
953 0.70819
954 0.41107
955 0.85155
956 0.17587
957 0.45226
958 0.81083
959 0.01083
960 0.2881
961 0.7863
962 0.90909
963 0.86705
964 0.53092
965 0.35683
966 0.55985
967 0.42015
968 0.95273
969 0.46803
970 0.73017
971 0.73194
972 0.6025
973 0.52397
974 0.31541
975 0.37038
976 1.05485
977 0.45864
978 0.29722
979 1.08075
980 0.61073
981 0.804
982 0.15164
983 0.96212
984 0.65764
985 0.35889
986 0.56202
987 0.32625
988 0.6557
989 0.71922
990 0.47367
991 0.66773
992 0.88517
993 0.26998
994 0.65449
995 0.67946
996 0.38339
997 0.87542
998 0.09356
999 0.36379
1000 0.51352
